[16:27:33] [main/INFO]: Reloading ResourceManager: Default, bukkit
[16:27:33] [Worker-Main-12/INFO]: Loaded 7 recipes
[16:27:34] [Server thread/INFO]: Starting minecraft server version 1.16.3
[16:27:34] [Server thread/INFO]: Loading properties
[16:27:35] [Server thread/INFO]: This server is running CraftBukkit version git-Spigot-988b411-1f4693a (MC: 1.16.3) (Implementing API version 1.16.3-R0.1-SNAPSHOT)
[16:27:35] [Server thread/INFO]: Debug logging is disabled
[16:27:35] [Server thread/INFO]: Server Ping Player Sample Count: 12
[16:27:35] [Server thread/INFO]: Using 4 threads for Netty based IO
[16:27:35] [Server thread/INFO]: Default game type: SURVIVAL
[16:27:35] [Server thread/INFO]: Generating keypair
[16:27:35] [Server thread/INFO]: Starting Minecraft server on *:25565
[16:27:35] [Server thread/INFO]: Using default channel type
[16:27:35] [Server thread/ERROR]: Could not load 'plugins\BuildTools.jar' in folder 'plugins'
org.bukkit.plugin.InvalidDescriptionException: Invalid plugin.yml
	at org.bukkit.plugin.java.JavaPluginLoader.getPluginDescription(JavaPluginLoader.java:160) ~[spigot-1.16.3.jar:git-Spigot-988b411-1f4693a]
	at org.bukkit.plugin.SimplePluginManager.loadPlugins(SimplePluginManager.java:144) ~[spigot-1.16.3.jar:git-Spigot-988b411-1f4693a]
	at org.bukkit.craftbukkit.v1_16_R2.CraftServer.loadPlugins(CraftServer.java:383) ~[spigot-1.16.3.jar:git-Spigot-988b411-1f4693a]
	at net.minecraft.server.v1_16_R2.DedicatedServer.init(DedicatedServer.java:183) ~[spigot-1.16.3.jar:git-Spigot-988b411-1f4693a]
	at net.minecraft.server.v1_16_R2.MinecraftServer.w(MinecraftServer.java:808) ~[spigot-1.16.3.jar:git-Spigot-988b411-1f4693a]
	at net.minecraft.server.v1_16_R2.MinecraftServer.lambda$0(MinecraftServer.java:164) ~[spigot-1.16.3.jar:git-Spigot-988b411-1f4693a]
	at java.lang.Thread.run(Unknown Source) [?:1.8.0_271]
Caused by: java.io.FileNotFoundException: Jar does not contain plugin.yml
	... 7 more
[16:27:38] [Server thread/WARN]: Initializing Legacy Material Support. Unless you have legacy plugins and/or data this is a bug!
[16:27:40] [Server thread/WARN]: Legacy plugin Projectrpg v1.0 does not specify an api-version.
[16:27:40] [Server thread/WARN]: Legacy plugin Scoreboard-revision vR3 1.4.2 RELEASE does not specify an api-version.
[16:27:41] [Server thread/INFO]: [PlayerHeads] Loading PlayerHeads v5.2.12-SNAPSHOT
[16:27:41] [Server thread/INFO]: [PlayerHeads] Internal plugin locale: 
[16:27:41] [Server thread/INFO]: [PlayerHeads] Environment locale: en_US / en-US
[16:27:41] [Server thread/INFO]: Trying provider: craftbukkit_1_16
[16:27:41] [Server thread/INFO]: [LuckPerms] Loading LuckPerms v5.1.93
[16:27:41] [Server thread/INFO]: [SkinsRestorer] Loading SkinsRestorer v13.8.6
[16:27:41] [Server thread/INFO]: [WorldEdit] Loading WorldEdit v7.1.0;8e55131
[16:27:42] [Server thread/INFO]: Got request to register class com.sk89q.worldedit.bukkit.BukkitServerInterface with WorldEdit [com.sk89q.worldedit.extension.platform.PlatformManager@25e09340]
[16:27:42] [Server thread/INFO]: [OpeNLogin] Loading OpeNLogin v1.1
[16:27:42] [Server thread/INFO]: [PlaceholderAPI] Loading PlaceholderAPI v2.10.9
[16:27:42] [Server thread/INFO]: [ClearLag] Loading ClearLag v3.1.6
[16:27:42] [Server thread/INFO]: [NerfPhantoms] Loading NerfPhantoms v1.2.0
[16:27:42] [Server thread/INFO]: [Projectrpg] Loading Projectrpg v1.0
[16:27:42] [Server thread/INFO]: [Vault] Loading Vault v1.7.3-b131
[16:27:42] [Server thread/INFO]: [WorldGuard] Loading WorldGuard v7.0.4+f7ff984
[16:27:42] [Server thread/INFO]: [Essentials] Loading Essentials v2.18.1.23
[16:27:42] [Server thread/INFO]: [Scoreboard-revision] Loading Scoreboard-revision vR3 1.4.2 RELEASE
[16:27:42] [Server thread/INFO]: [EssentialsChat] Loading EssentialsChat v2.18.1.24
[16:27:42] [Server thread/INFO]: [EssentialsGeoIP] Loading EssentialsGeoIP v2.18.1.23
[16:27:42] [Server thread/INFO]: [EssentialsSpawn] Loading EssentialsSpawn v2.18.1.23
[16:27:42] [Server thread/INFO]: [GriefPrevention] Loading GriefPrevention v16.15.0-39f385e
[16:27:42] [Server thread/INFO]: [LuckPerms] Enabling LuckPerms v5.1.93
[16:27:42] [Server thread/INFO]: [0;36;1m       [0;36;22m __    [m
[16:27:42] [Server thread/INFO]: [0;36;1m  |    [0;36;22m|__)   [0;32;22mLuckPerms [0;36;1mv5.1.93[m
[16:27:42] [Server thread/INFO]: [0;36;1m  |___ [0;36;22m|      [0;30;1mRunning on Bukkit - CraftBukkit[m
[16:27:42] [Server thread/INFO]: [m
[16:27:42] [Server thread/INFO]: [LuckPerms] Loading configuration...
[16:27:42] [Server thread/INFO]: [LuckPerms] Loading storage provider... [H2]
[16:27:43] [Server thread/INFO]: [LuckPerms] Loading internal permission managers...
[16:27:43] [Server thread/INFO]: [LuckPerms] Performing initial data load...
[16:27:43] [Server thread/INFO]: [LuckPerms] Successfully enabled. (took 1450ms)
[16:27:43] [Server thread/INFO]: [WorldEdit] Enabling WorldEdit v7.1.0;8e55131
[16:27:43] [Server thread/WARN]: [WorldEdit] Loaded class net.milkbowl.vault.permission.Permission from Vault v1.7.3-b131 which is not a depend, softdepend or loadbefore of this plugin.
[16:27:43] [Server thread/INFO]: WEPIF: Using the Bukkit Permissions API.
[16:27:43] [Server thread/WARN]: 
**********************************************
** This WorldEdit version does not fully support your version of Bukkit.
**
** When working with blocks or undoing, chests will be empty, signs
** will be blank, and so on. There will be no support for entity
** and block property-related functions.
**
** Please see https://worldedit.enginehub.org/en/latest/faq/#bukkit-adapters
**********************************************

[16:27:44] [Server thread/WARN]: [WorldEdit] ====================================================
[16:27:44] [Server thread/WARN]: [WorldEdit]  WorldEdit works better if you use Paper 
[16:27:44] [Server thread/WARN]: [WorldEdit]  as your server software. 
[16:27:44] [Server thread/WARN]: [WorldEdit]   
[16:27:44] [Server thread/WARN]: [WorldEdit]  Paper offers significant performance improvements,
[16:27:44] [Server thread/WARN]: [WorldEdit]  bug fixes, security enhancements and optional
[16:27:44] [Server thread/WARN]: [WorldEdit]  features for server owners to enhance their server.
[16:27:44] [Server thread/WARN]: [WorldEdit]   
[16:27:44] [Server thread/WARN]: [WorldEdit]  Paper includes Timings v2, which is significantly
[16:27:44] [Server thread/WARN]: [WorldEdit]  better at diagnosing lag problems over v1.
[16:27:44] [Server thread/WARN]: [WorldEdit]   
[16:27:44] [Server thread/WARN]: [WorldEdit]  All of your plugins should still work, and the
[16:27:44] [Server thread/WARN]: [WorldEdit]  Paper community will gladly help you fix any issues.
[16:27:44] [Server thread/WARN]: [WorldEdit]   
[16:27:44] [Server thread/WARN]: [WorldEdit]  Join the Paper Community @ https://papermc.io
[16:27:44] [Server thread/WARN]: [WorldEdit] ====================================================
[16:27:44] [Server thread/INFO]: [Vault] Enabling Vault v1.7.3-b131
[16:27:44] [Server thread/WARN]: [Vault] Loaded class com.earth2me.essentials.api.Economy from Essentials v2.18.1.23 which is not a depend, softdepend or loadbefore of this plugin.
[16:27:44] [Server thread/INFO]: [Vault] [Economy] Essentials Economy found: Waiting
[16:27:44] [Server thread/INFO]: [Vault] [Permission] SuperPermissions loaded as backup permission system.
[16:27:44] [Server thread/INFO]: [Vault] Enabled Version 1.7.3-b131
[16:27:44] [Server thread/INFO]: [LuckPerms] Registered Vault permission & chat hook.
[16:27:44] [Server thread/INFO]: WEPIF: Vault detected! Using Vault for permissions
[16:27:44] [Server thread/WARN]: **** SERVER IS RUNNING IN OFFLINE/INSECURE MODE!
[16:27:44] [Server thread/WARN]: The server will make no attempt to authenticate usernames. Beware.
[16:27:44] [Server thread/WARN]: While this makes the game possible to play without internet access, it also opens up the ability for hackers to connect with any username they choose.
[16:27:44] [Server thread/WARN]: To change this, set "online-mode" to "true" in the server.properties file.
[16:27:44] [Server thread/INFO]: Preparing level "world"
[16:27:44] [Server thread/INFO]: -------- World Settings For [world] --------
[16:27:44] [Server thread/INFO]: Nerfing mobs spawned from spawners: false
[16:27:44] [Server thread/INFO]: Entity Tracking Range: Pl 48 / An 48 / Mo 48 / Mi 32 / Other 64
[16:27:44] [Server thread/INFO]: Item Despawn Rate: 6000
[16:27:44] [Server thread/INFO]: Item Merge Radius: 2.5
[16:27:44] [Server thread/INFO]: View Distance: 8
[16:27:44] [Server thread/INFO]: Allow Zombie Pigmen to spawn from portal blocks: true
[16:27:44] [Server thread/INFO]: Arrow Despawn Rate: 1200 Trident Respawn Rate:1200
[16:27:44] [Server thread/INFO]: Entity Activation Range: An 32 / Mo 32 / Ra 48 / Mi 16 / Tiv true
[16:27:44] [Server thread/INFO]: Hopper Transfer: 8 Hopper Check: 1 Hopper Amount: 1
[16:27:44] [Server thread/INFO]: Experience Merge Radius: 3.0
[16:27:44] [Server thread/INFO]: Cactus Growth Modifier: 100%
[16:27:44] [Server thread/INFO]: Cane Growth Modifier: 100%
[16:27:44] [Server thread/INFO]: Melon Growth Modifier: 100%
[16:27:44] [Server thread/INFO]: Mushroom Growth Modifier: 100%
[16:27:44] [Server thread/INFO]: Pumpkin Growth Modifier: 100%
[16:27:44] [Server thread/INFO]: Sapling Growth Modifier: 100%
[16:27:44] [Server thread/INFO]: Beetroot Growth Modifier: 100%
[16:27:44] [Server thread/INFO]: Carrot Growth Modifier: 100%
[16:27:44] [Server thread/INFO]: Potato Growth Modifier: 100%
[16:27:44] [Server thread/INFO]: Wheat Growth Modifier: 100%
[16:27:44] [Server thread/INFO]: NetherWart Growth Modifier: 100%
[16:27:44] [Server thread/INFO]: Vine Growth Modifier: 100%
[16:27:44] [Server thread/INFO]: Cocoa Growth Modifier: 100%
[16:27:44] [Server thread/INFO]: Bamboo Growth Modifier: 100%
[16:27:44] [Server thread/INFO]: SweetBerry Growth Modifier: 100%
[16:27:44] [Server thread/INFO]: Kelp Growth Modifier: 100%
[16:27:44] [Server thread/INFO]: Mob Spawn Range: 6
[16:27:44] [Server thread/INFO]: Max TNT Explosions: 100
[16:27:44] [Server thread/INFO]: Tile Max Tick Time: 50ms Entity max Tick Time: 50ms
[16:27:44] [Server thread/INFO]: Zombie Aggressive Towards Villager: true
[16:27:44] [Server thread/INFO]: Custom Map Seeds:  Village: 10387312 Desert: 14357617 Igloo: 14357618 Jungle: 14357619 Swamp: 14357620 Monument: 10387313 Ocean: 14357621 Shipwreck: 165745295 End City: 10387313 Slime: 987234911 Bastion: 30084232 Fortress: 30084232 Mansion: 10387319 Fossil: 14357921 Portal: 34222645
[16:27:44] [Server thread/INFO]: Registering commands with com.sk89q.worldedit.bukkit.BukkitServerInterface
[16:27:44] [Server thread/INFO]: -------- World Settings For [world_nether] --------
[16:27:44] [Server thread/INFO]: Nerfing mobs spawned from spawners: false
[16:27:44] [Server thread/INFO]: Entity Tracking Range: Pl 48 / An 48 / Mo 48 / Mi 32 / Other 64
[16:27:44] [Server thread/INFO]: Item Despawn Rate: 6000
[16:27:44] [Server thread/INFO]: Item Merge Radius: 2.5
[16:27:44] [Server thread/INFO]: View Distance: 8
[16:27:44] [Server thread/INFO]: Allow Zombie Pigmen to spawn from portal blocks: true
[16:27:44] [Server thread/INFO]: Arrow Despawn Rate: 1200 Trident Respawn Rate:1200
[16:27:44] [Server thread/INFO]: Entity Activation Range: An 32 / Mo 32 / Ra 48 / Mi 16 / Tiv true
[16:27:44] [Server thread/INFO]: Hopper Transfer: 8 Hopper Check: 1 Hopper Amount: 1
[16:27:44] [Server thread/INFO]: Experience Merge Radius: 3.0
[16:27:44] [Server thread/INFO]: Cactus Growth Modifier: 100%
[16:27:44] [Server thread/INFO]: Cane Growth Modifier: 100%
[16:27:44] [Server thread/INFO]: Melon Growth Modifier: 100%
[16:27:44] [Server thread/INFO]: Mushroom Growth Modifier: 100%
[16:27:44] [Server thread/INFO]: Pumpkin Growth Modifier: 100%
[16:27:44] [Server thread/INFO]: Sapling Growth Modifier: 100%
[16:27:44] [Server thread/INFO]: Beetroot Growth Modifier: 100%
[16:27:44] [Server thread/INFO]: Carrot Growth Modifier: 100%
[16:27:44] [Server thread/INFO]: Potato Growth Modifier: 100%
[16:27:44] [Server thread/INFO]: Wheat Growth Modifier: 100%
[16:27:44] [Server thread/INFO]: NetherWart Growth Modifier: 100%
[16:27:44] [Server thread/INFO]: Vine Growth Modifier: 100%
[16:27:44] [Server thread/INFO]: Cocoa Growth Modifier: 100%
[16:27:44] [Server thread/INFO]: Bamboo Growth Modifier: 100%
[16:27:44] [Server thread/INFO]: SweetBerry Growth Modifier: 100%
[16:27:44] [Server thread/INFO]: Kelp Growth Modifier: 100%
[16:27:44] [Server thread/INFO]: Mob Spawn Range: 6
[16:27:44] [Server thread/INFO]: Max TNT Explosions: 100
[16:27:44] [Server thread/INFO]: Tile Max Tick Time: 50ms Entity max Tick Time: 50ms
[16:27:44] [Server thread/INFO]: Zombie Aggressive Towards Villager: true
[16:27:44] [Server thread/INFO]: Custom Map Seeds:  Village: 10387312 Desert: 14357617 Igloo: 14357618 Jungle: 14357619 Swamp: 14357620 Monument: 10387313 Ocean: 14357621 Shipwreck: 165745295 End City: 10387313 Slime: 987234911 Bastion: 30084232 Fortress: 30084232 Mansion: 10387319 Fossil: 14357921 Portal: 34222645
[16:27:44] [Server thread/INFO]: -------- World Settings For [world_the_end] --------
[16:27:44] [Server thread/INFO]: Nerfing mobs spawned from spawners: false
[16:27:44] [Server thread/INFO]: Entity Tracking Range: Pl 48 / An 48 / Mo 48 / Mi 32 / Other 64
[16:27:44] [Server thread/INFO]: Item Despawn Rate: 6000
[16:27:44] [Server thread/INFO]: Item Merge Radius: 2.5
[16:27:44] [Server thread/INFO]: View Distance: 8
[16:27:44] [Server thread/INFO]: Allow Zombie Pigmen to spawn from portal blocks: true
[16:27:44] [Server thread/INFO]: Arrow Despawn Rate: 1200 Trident Respawn Rate:1200
[16:27:44] [Server thread/INFO]: Entity Activation Range: An 32 / Mo 32 / Ra 48 / Mi 16 / Tiv true
[16:27:44] [Server thread/INFO]: Hopper Transfer: 8 Hopper Check: 1 Hopper Amount: 1
[16:27:44] [Server thread/INFO]: Experience Merge Radius: 3.0
[16:27:44] [Server thread/INFO]: Cactus Growth Modifier: 100%
[16:27:44] [Server thread/INFO]: Cane Growth Modifier: 100%
[16:27:44] [Server thread/INFO]: Melon Growth Modifier: 100%
[16:27:44] [Server thread/INFO]: Mushroom Growth Modifier: 100%
[16:27:44] [Server thread/INFO]: Pumpkin Growth Modifier: 100%
[16:27:44] [Server thread/INFO]: Sapling Growth Modifier: 100%
[16:27:44] [Server thread/INFO]: Beetroot Growth Modifier: 100%
[16:27:44] [Server thread/INFO]: Carrot Growth Modifier: 100%
[16:27:44] [Server thread/INFO]: Potato Growth Modifier: 100%
[16:27:44] [Server thread/INFO]: Wheat Growth Modifier: 100%
[16:27:44] [Server thread/INFO]: NetherWart Growth Modifier: 100%
[16:27:44] [Server thread/INFO]: Vine Growth Modifier: 100%
[16:27:44] [Server thread/INFO]: Cocoa Growth Modifier: 100%
[16:27:44] [Server thread/INFO]: Bamboo Growth Modifier: 100%
[16:27:44] [Server thread/INFO]: SweetBerry Growth Modifier: 100%
[16:27:44] [Server thread/INFO]: Kelp Growth Modifier: 100%
[16:27:44] [Server thread/INFO]: Mob Spawn Range: 6
[16:27:44] [Server thread/INFO]: Max TNT Explosions: 100
[16:27:44] [Server thread/INFO]: Tile Max Tick Time: 50ms Entity max Tick Time: 50ms
[16:27:44] [Server thread/INFO]: Zombie Aggressive Towards Villager: true
[16:27:44] [Server thread/INFO]: Custom Map Seeds:  Village: 10387312 Desert: 14357617 Igloo: 14357618 Jungle: 14357619 Swamp: 14357620 Monument: 10387313 Ocean: 14357621 Shipwreck: 165745295 End City: 10387313 Slime: 987234911 Bastion: 30084232 Fortress: 30084232 Mansion: 10387319 Fossil: 14357921 Portal: 34222645
[16:27:44] [Server thread/INFO]: Preparing start region for dimension minecraft:overworld
[16:27:45] [Server thread/INFO]: Preparing spawn area: 0%
[16:27:45] [Server thread/INFO]: Preparing spawn area: 0%
[16:27:45] [Server thread/INFO]: Preparing spawn area: 44%
[16:27:45] [Server thread/INFO]: Time elapsed: 1175 ms
[16:27:45] [Server thread/INFO]: Preparing start region for dimension minecraft:the_nether
[16:27:46] [Server thread/INFO]: Preparing spawn area: 0%
[16:27:46] [Server thread/INFO]: Preparing spawn area: 0%
[16:27:46] [Server thread/INFO]: Time elapsed: 633 ms
[16:27:46] [Server thread/INFO]: Preparing start region for dimension minecraft:the_end
[16:27:46] [Server thread/INFO]: Preparing spawn area: 0%
[16:27:46] [Server thread/INFO]: Time elapsed: 458 ms
[16:27:46] [Server thread/INFO]: [PlayerHeads] Enabling PlayerHeads v5.2.12-SNAPSHOT
[16:27:46] [Server thread/INFO]: [PlayerHeads] NoCheatPlus not detected.
[16:27:46] [Server thread/INFO]: [PlayerHeads] Current plugin compatibility version: craftbukkit 1.16
[16:27:46] [Server thread/INFO]: [SkinsRestorer] Enabling SkinsRestorer v13.8.6
[16:27:46] [Server thread/INFO]: [SkinsRestorer] Failed PaperSkinRefresher
[16:27:46] [Server thread/INFO]: [SkinsRestorer] Using SpigotSkinRefresher
[16:27:46] [Server thread/INFO]: [0;33;1m[[0;32;22mSkinsRestorer[0;33;1m] [0;32;1mDetected Minecraft [0;33;1mv1_16_R2[0;32;1m, using [0;33;1mUniversalSkinFactory[0;32;1m.[m
[16:27:46] [Server thread/INFO]: [SkinsRestorer] DismountPlayerOnSkinUpdate is missing in config.yml! Using default value.
[16:27:46] [Server thread/INFO]: [SkinsRestorer] RemountPlayerOnSkinUpdate is missing in config.yml! Using default value.
[16:27:46] [Server thread/INFO]: [SkinsRestorer] DismountPassengersOnSkinUpdate is missing in config.yml! Using default value.
[16:27:48] [Server thread/INFO]: [OpeNLogin] Enabling OpeNLogin v1.1
[16:27:48] [Server thread/INFO]: [OpeNLogin] [0;34;1m   ___                __  __             _ [m
[16:27:48] [Server thread/INFO]: [OpeNLogin] [0;34;1m  /___\_ __   ___  /\ \ \/ /  ___   __ _(_)_ __[m
[16:27:48] [Server thread/INFO]: [OpeNLogin] [0;34;1m //  // '_ \ / _ \/  \/ / /  / _ \ / _` | | '_ \[m
[16:27:48] [Server thread/INFO]: [OpeNLogin] [0;34;1m/ \_//| |_) |  __/ /\  / /__| (_) | (_| | | | | |[m
[16:27:48] [Server thread/INFO]: [OpeNLogin] [0;34;1m\___/ | .__/ \___\_\ \/\____/\___/ \__, |_|_| |_|[m
[16:27:48] [Server thread/INFO]: [OpeNLogin] [0;34;1m      |_|                          |___/         [m
[16:27:48] [Server thread/INFO]: [OpeNLogin] [0;34;1mBy: www.nickuc.com / github.com/nickuc/OpeNLogin - V 1.1[m
[16:27:48] [Server thread/INFO]: [OpeNLogin] [m
[16:27:48] [Server thread/INFO]: [PlaceholderAPI] Enabling PlaceholderAPI v2.10.9
[16:27:48] [Server thread/INFO]: [PlaceholderAPI] Fetching available expansion information...
[16:27:48] [Server thread/INFO]: [ClearLag] Enabling ClearLag v3.1.6
[16:27:48] [Server thread/INFO]: [ClearLag] Loading modules...
[16:27:48] [Server thread/INFO]: [ClearLag] Modules enabed, loading config values
[16:27:48] [Server thread/INFO]: [ClearLag] Modules have been loaded!
[16:27:48] [Server thread/INFO]: [ClearLag] Clearlag is now enabled!
[16:27:48] [Thread-15/INFO]: [ClearLag] Checking for updates compatible with your bukkit version [1.16]...
[16:27:48] [Server thread/INFO]: [NerfPhantoms] Enabling NerfPhantoms v1.2.0
[16:27:48] [Server thread/INFO]: [Projectrpg] Enabling Projectrpg v1.0
[16:27:48] [Server thread/INFO]: [0;32;1m
[16:27:48] [Server thread/INFO]: 
[16:27:48] [Server thread/INFO]: #### PROJECT RPG PLUGIN HAS BEEN ENABLED ####
[16:27:48] [Server thread/INFO]: 
[16:27:48] [Server thread/INFO]: [m
[16:27:48] [Server thread/INFO]: [WorldGuard] Enabling WorldGuard v7.0.4+f7ff984
[16:27:48] [Server thread/INFO]: [WorldGuard] (world) TNT ignition is PERMITTED.
[16:27:48] [Server thread/INFO]: [WorldGuard] (world) Lighters are PERMITTED.
[16:27:48] [Server thread/INFO]: [WorldGuard] (world) Lava fire is PERMITTED.
[16:27:48] [Server thread/INFO]: [WorldGuard] (world) Fire spread is UNRESTRICTED.
[16:27:48] [Server thread/INFO]: [WorldGuard] Loaded configuration for world 'world'
[16:27:48] [Server thread/INFO]: [WorldGuard] (world_nether) TNT ignition is PERMITTED.
[16:27:48] [Server thread/INFO]: [WorldGuard] (world_nether) Lighters are PERMITTED.
[16:27:48] [Server thread/INFO]: [WorldGuard] (world_nether) Lava fire is PERMITTED.
[16:27:48] [Server thread/INFO]: [WorldGuard] (world_nether) Fire spread is UNRESTRICTED.
[16:27:48] [Server thread/INFO]: [WorldGuard] Loaded configuration for world 'world_nether'
[16:27:48] [Server thread/INFO]: [WorldGuard] (world_the_end) TNT ignition is PERMITTED.
[16:27:48] [Server thread/INFO]: [WorldGuard] (world_the_end) Lighters are PERMITTED.
[16:27:48] [Server thread/INFO]: [WorldGuard] (world_the_end) Lava fire is PERMITTED.
[16:27:48] [Server thread/INFO]: [WorldGuard] (world_the_end) Fire spread is UNRESTRICTED.
[16:27:48] [Server thread/INFO]: [WorldGuard] Loaded configuration for world 'world_the_end'
[16:27:48] [Server thread/INFO]: [WorldGuard] Loading region data...
[16:27:48] [Server thread/INFO]: [Essentials] Enabling Essentials v2.18.1.23
[16:27:48] [Server thread/WARN]: [Essentials] §4Version mismatch! Please update EssentialsChat to the same version.
[16:27:48] [Server thread/INFO]: Attempting to convert old kits in config.yml to new kits.yml
[16:27:48] [Server thread/INFO]: No kits found to migrate.
[16:27:48] [Server thread/INFO]: Loaded 25599 items from items.json.
[16:27:48] [Server thread/INFO]: Using locale en_US
[16:27:48] [Server thread/INFO]: [Essentials] ServerListPingEvent: Spigot iterator API
[16:27:48] [Server thread/INFO]: [Essentials] Starting Metrics. Opt-out using the global bStats config.
[16:27:48] [Server thread/INFO]: [Vault] [Economy] Essentials Economy hooked.
[16:27:48] [Server thread/INFO]: [Essentials] Using Vault based permissions (LuckPerms)
[16:27:48] [Server thread/INFO]: [Scoreboard-revision] Enabling Scoreboard-revision vR3 1.4.2 RELEASE
[16:27:49] [Server thread/WARN]: java.io.IOException: Server returned HTTP response code: 403 for URL: https://www.spigotmc.org/api/general.php
[16:27:49] [Server thread/WARN]: 	at sun.net.www.protocol.http.HttpURLConnection.getInputStream0(Unknown Source)
[16:27:49] [Server thread/WARN]: 	at sun.net.www.protocol.http.HttpURLConnection.getInputStream(Unknown Source)
[16:27:49] [Server thread/WARN]: 	at sun.net.www.protocol.https.HttpsURLConnectionImpl.getInputStream(Unknown Source)
[16:27:49] [Server thread/WARN]: 	at rien.bijl.Scoreboard.r.Session.isUpToDate(Session.java:45)
[16:27:49] [Server thread/WARN]: 	at rien.bijl.Scoreboard.r.Main.init(Main.java:33)
[16:27:49] [Server thread/WARN]: 	at rien.bijl.Scoreboard.r.Main.onEnable(Main.java:24)
[16:27:49] [Server thread/WARN]: 	at org.bukkit.plugin.java.JavaPlugin.setEnabled(JavaPlugin.java:263)
[16:27:49] [Server thread/WARN]: 	at org.bukkit.plugin.java.JavaPluginLoader.enablePlugin(JavaPluginLoader.java:351)
[16:27:49] [Server thread/WARN]: 	at org.bukkit.plugin.SimplePluginManager.enablePlugin(SimplePluginManager.java:480)
[16:27:49] [Server thread/WARN]: 	at org.bukkit.craftbukkit.v1_16_R2.CraftServer.enablePlugin(CraftServer.java:494)
[16:27:49] [Server thread/WARN]: 	at org.bukkit.craftbukkit.v1_16_R2.CraftServer.enablePlugins(CraftServer.java:408)
[16:27:49] [Server thread/WARN]: 	at net.minecraft.server.v1_16_R2.MinecraftServer.loadWorld(MinecraftServer.java:435)
[16:27:49] [Server thread/WARN]: 	at net.minecraft.server.v1_16_R2.DedicatedServer.init(DedicatedServer.java:216)
[16:27:49] [Server thread/WARN]: 	at net.minecraft.server.v1_16_R2.MinecraftServer.w(MinecraftServer.java:808)
[16:27:49] [Server thread/WARN]: 	at net.minecraft.server.v1_16_R2.MinecraftServer.lambda$0(MinecraftServer.java:164)
[16:27:49] [Server thread/WARN]: 	at java.lang.Thread.run(Unknown Source)
[16:27:49] [Server thread/INFO]: [Scoreboard-revision] Loaded app handler for board: board
[16:27:49] [Server thread/INFO]: Scoreboard is online! Scoreboard version: R3 1.4.2 RELEASE (OUTDATED)
[16:27:49] [Server thread/INFO]: 
[16:27:49] [Server thread/INFO]: [EssentialsChat] Enabling EssentialsChat v2.18.1.24
[16:27:49] [Server thread/WARN]: [EssentialsChat] §4Version mismatch! Please update all Essentials jars to the same version.
[16:27:49] [Server thread/INFO]: [EssentialsChat] Starting Metrics. Opt-out using the global bStats config.
[16:27:49] [Server thread/INFO]: [EssentialsGeoIP] Enabling EssentialsGeoIP v2.18.1.23
[16:27:49] [Server thread/ERROR]: No license key found! Please visit https://essentialsx.cf/geoip for first time setup instructions.
[16:27:49] [Server thread/ERROR]: Failed to read GeoIP database!
java.io.FileNotFoundException: plugins\EssentialsGeoIP\GeoIP2-Country.mmdb (The system cannot find the file specified)
	at java.io.RandomAccessFile.open0(Native Method) ~[?:1.8.0_271]
	at java.io.RandomAccessFile.open(Unknown Source) ~[?:1.8.0_271]
	at java.io.RandomAccessFile.<init>(Unknown Source) ~[?:1.8.0_271]
	at com.maxmind.db.BufferHolder.<init>(BufferHolder.java:19) ~[?:?]
	at com.maxmind.db.Reader.<init>(Reader.java:116) ~[?:?]
	at com.maxmind.geoip2.DatabaseReader.<init>(DatabaseReader.java:66) ~[?:?]
	at com.maxmind.geoip2.DatabaseReader.<init>(DatabaseReader.java:54) ~[?:?]
	at com.maxmind.geoip2.DatabaseReader$Builder.build(DatabaseReader.java:160) ~[?:?]
	at com.earth2me.essentials.geoip.EssentialsGeoIPPlayerListener.reloadConfig(EssentialsGeoIPPlayerListener.java:175) ~[?:?]
	at com.earth2me.essentials.geoip.EssentialsGeoIPPlayerListener.<init>(EssentialsGeoIPPlayerListener.java:52) ~[?:?]
	at com.earth2me.essentials.geoip.EssentialsGeoIP.onEnable(EssentialsGeoIP.java:31) ~[?:?]
	at org.bukkit.plugin.java.JavaPlugin.setEnabled(JavaPlugin.java:263) ~[spigot-1.16.3.jar:git-Spigot-988b411-1f4693a]
	at org.bukkit.plugin.java.JavaPluginLoader.enablePlugin(JavaPluginLoader.java:351) ~[spigot-1.16.3.jar:git-Spigot-988b411-1f4693a]
	at org.bukkit.plugin.SimplePluginManager.enablePlugin(SimplePluginManager.java:480) ~[spigot-1.16.3.jar:git-Spigot-988b411-1f4693a]
	at org.bukkit.craftbukkit.v1_16_R2.CraftServer.enablePlugin(CraftServer.java:494) ~[spigot-1.16.3.jar:git-Spigot-988b411-1f4693a]
	at org.bukkit.craftbukkit.v1_16_R2.CraftServer.enablePlugins(CraftServer.java:408) ~[spigot-1.16.3.jar:git-Spigot-988b411-1f4693a]
	at net.minecraft.server.v1_16_R2.MinecraftServer.loadWorld(MinecraftServer.java:435) ~[spigot-1.16.3.jar:git-Spigot-988b411-1f4693a]
	at net.minecraft.server.v1_16_R2.DedicatedServer.init(DedicatedServer.java:216) ~[spigot-1.16.3.jar:git-Spigot-988b411-1f4693a]
	at net.minecraft.server.v1_16_R2.MinecraftServer.w(MinecraftServer.java:808) ~[spigot-1.16.3.jar:git-Spigot-988b411-1f4693a]
	at net.minecraft.server.v1_16_R2.MinecraftServer.lambda$0(MinecraftServer.java:164) ~[spigot-1.16.3.jar:git-Spigot-988b411-1f4693a]
	at java.lang.Thread.run(Unknown Source) [?:1.8.0_271]
[16:27:49] [Server thread/INFO]: [EssentialsGeoIP] This product includes GeoLite2 data created by MaxMind, available from http://www.maxmind.com/.
[16:27:49] [Server thread/INFO]: [EssentialsGeoIP] Starting Metrics. Opt-out using the global bStats config.
[16:27:49] [Server thread/INFO]: [EssentialsSpawn] Enabling EssentialsSpawn v2.18.1.23
[16:27:49] [Server thread/INFO]: [EssentialsSpawn] Starting Metrics. Opt-out using the global bStats config.
[16:27:49] [Server thread/INFO]: [GriefPrevention] Enabling GriefPrevention v16.15.0-39f385e
[16:27:49] [Server thread/INFO]: [GriefPrevention] Finished loading configuration.
[16:27:49] [Server thread/INFO]: [GriefPrevention] 1 total claims loaded.
[16:27:50] [Server thread/INFO]: [GriefPrevention] Customizable messages loaded.
[16:27:50] [Server thread/INFO]: [GriefPrevention] Successfully hooked into WorldGuard.
[16:27:50] [Server thread/INFO]: [GriefPrevention] Finished loading data (File Mode).
[16:27:50] [Thread-15/WARN]: [ClearLag] Clearlag failed to check for updates - bukkit may be down
[16:27:50] [Server thread/INFO]: [GriefPrevention] GriefPrevention requires Vault for economy integration.
[16:27:50] [Server thread/INFO]: [GriefPrevention] Attempting to load Vault...
[16:27:50] [Server thread/INFO]: [GriefPrevention] Vault loaded successfully!
[16:27:50] [Server thread/INFO]: [GriefPrevention] Looking for a Vault-compatible economy plugin...
[16:27:50] [Server thread/INFO]: [GriefPrevention] Hooked into economy: Essentials Economy.
[16:27:50] [Server thread/INFO]: [GriefPrevention] Ready to buy/sell claim blocks!
[16:27:50] [Server thread/INFO]: [GriefPrevention] Boot finished.
[16:27:50] [Server thread/INFO]: Server permissions file permissions.yml is empty, ignoring it
[16:27:50] [Server thread/INFO]: [PlaceholderAPI] Placeholder expansion registration initializing...
[16:27:50] [Server thread/INFO]: Done (6.673s)! For help, type "help"
[16:27:50] [Craft Scheduler Thread - 2/INFO]: [Vault] Checking for Updates ... 
[16:27:50] [Server thread/WARN]: [PlaceholderAPI] Loaded class net.ess3.api.IEssentials from Essentials v2.18.1.23 which is not a depend, softdepend or loadbefore of this plugin.
[16:27:50] [Server thread/INFO]: [PlaceholderAPI] Successfully registered expansion: essentials
[16:27:50] [Server thread/INFO]: [PlaceholderAPI] Successfully registered expansion: player
[16:27:50] [Server thread/INFO]: [PlaceholderAPI] Successfully registered expansion: server
[16:27:50] [Server thread/INFO]: [PlaceholderAPI] Successfully registered expansion: statistic
[16:27:50] [Server thread/WARN]: [PlaceholderAPI] Loaded class net.milkbowl.vault.economy.Economy from Vault v1.7.3-b131 which is not a depend, softdepend or loadbefore of this plugin.
[16:27:50] [Server thread/INFO]: [PlaceholderAPI] Successfully registered expansion: vault
[16:27:50] [Server thread/INFO]: 5[0;32;1m placeholder hooks successfully registered![m
[16:27:50] [Craft Scheduler Thread - 0/INFO]: [0;33;1m[[0;32;22mSkinsRestorer[0;33;1m] [0;32;1m----------------------------------------------[m
[16:27:50] [Craft Scheduler Thread - 0/INFO]: [0;33;1m[[0;32;22mSkinsRestorer[0;33;1m] [0;32;1m    +===============+[m
[16:27:50] [Craft Scheduler Thread - 0/INFO]: [0;33;1m[[0;32;22mSkinsRestorer[0;33;1m] [0;32;1m    | SkinsRestorer |[m
[16:27:50] [Craft Scheduler Thread - 0/INFO]: [0;33;1m[[0;32;22mSkinsRestorer[0;33;1m] [0;32;1m    |---------------|[m
[16:27:50] [Craft Scheduler Thread - 0/INFO]: [0;33;1m[[0;32;22mSkinsRestorer[0;33;1m] [0;32;1m    |   [0;34;1m[4m[21mBukkit only[0;32;1m |[m
[16:27:50] [Craft Scheduler Thread - 0/INFO]: [0;33;1m[[0;32;22mSkinsRestorer[0;33;1m] [0;32;1m    +===============+[m
[16:27:50] [Craft Scheduler Thread - 0/INFO]: [0;33;1m[[0;32;22mSkinsRestorer[0;33;1m] [0;32;1m----------------------------------------------[m
[16:27:50] [Craft Scheduler Thread - 0/INFO]: [0;33;1m[[0;32;22mSkinsRestorer[0;33;1m] [0;36;1m    Current version: [0;32;1m13.8.6[m
[16:27:50] [Craft Scheduler Thread - 0/INFO]: [0;33;1m[[0;32;22mSkinsRestorer[0;33;1m] [0;32;1m    This is the latest version![m
[16:27:50] [Craft Scheduler Thread - 0/INFO]: [0;33;1m[[0;32;22mSkinsRestorer[0;33;1m] [0;32;1m----------------------------------------------[m
[16:27:51] [Craft Scheduler Thread - 2/INFO]: [Vault] No new version available
[16:27:51] [Craft Scheduler Thread - 3/INFO]: [0;33;1m[OpeNLogin] A new version of OpeNLogin is available (v1.1 -> v1.2).[m
[16:28:38] [User Authenticator #1/INFO]: UUID of player SavBoy is b8d82e70-0eaa-37e5-a108-86e12f2cd698
[16:28:39] [Server thread/INFO]: SavBoy[/127.0.0.1:50847] logged in with entity id 223 at ([world]4621.578841172205, 63.0625, -6024.3284010910575)
[16:29:09] [Server thread/INFO]: SavBoy issued server command: /spawn
[16:29:09] [Server thread/WARN]: SavBoy moved too quickly! -21.068845968205096,0.9375,-14.694088979478693
[16:29:09] [Server thread/WARN]: SavBoy moved too quickly! -21.068845968205096,0.9375,-14.694088979478693
[16:29:22] [Server thread/INFO]: SavBoy issued server command: /time day
[16:29:28] [Server thread/INFO]: SavBoy issued server command: /fly
[16:30:10] [Server thread/INFO]: SavBoy issued server command: /give SavBoy steak 1
[16:30:45] [Server thread/INFO]: SavBoy issued server command: /spawn
[16:30:45] [Server thread/WARN]: SavBoy moved too quickly! -93.80000001192093,-39.0,-159.23096388178146
[16:32:16] [Server thread/INFO]: SavBoy issued server command: /shop
[16:32:18] [Server thread/INFO]: SavBoy issued server command: /warp shop
[16:32:18] [Server thread/WARN]: SavBoy moved too quickly! -39.61571243972503,-34.0,-22.220174308755304
[16:32:18] [Server thread/WARN]: SavBoy moved too quickly! -39.61571243972503,-34.0,-22.220174308755304
[16:34:16] [Server thread/INFO]: SavBoy lost connection: Disconnected
[16:34:16] [Server thread/INFO]: SavBoy left the game
[16:34:26] [Server thread/INFO]: Stopping the server
[16:34:26] [Server thread/INFO]: Stopping server
[16:34:26] [Server thread/INFO]: [GriefPrevention] Disabling GriefPrevention v16.15.0-39f385e
[16:34:26] [Server thread/INFO]: [GriefPrevention] GriefPrevention disabled.
[16:34:26] [Server thread/INFO]: [EssentialsSpawn] Disabling EssentialsSpawn v2.18.1.23
[16:34:26] [Server thread/INFO]: [EssentialsGeoIP] Disabling EssentialsGeoIP v2.18.1.23
[16:34:26] [Server thread/INFO]: [EssentialsChat] Disabling EssentialsChat v2.18.1.24
[16:34:26] [Server thread/INFO]: [Scoreboard-revision] Disabling Scoreboard-revision vR3 1.4.2 RELEASE
[16:34:26] [Server thread/INFO]: [Essentials] Disabling Essentials v2.18.1.23
[16:34:26] [Server thread/INFO]: [Vault] [Economy] Essentials Economy unhooked.
[16:34:26] [Server thread/INFO]: [WorldGuard] Disabling WorldGuard v7.0.4+f7ff984
[16:34:26] [Server thread/INFO]: [WorldGuard] Shutting down executor and cancelling any pending tasks...
[16:34:26] [Server thread/INFO]: [Vault] Disabling Vault v1.7.3-b131
[16:34:26] [Server thread/INFO]: WEPIF: Vault detected! Using Vault for permissions
[16:34:26] [Server thread/INFO]: [PlaceholderAPI] Unregistered placeholder expansion: vault
[16:34:26] [Server thread/INFO]: [Projectrpg] Disabling Projectrpg v1.0
[16:34:26] [Server thread/INFO]: [0;31;1m
[16:34:26] [Server thread/INFO]: 
[16:34:26] [Server thread/INFO]: #### PROJECT RPG PLUGIN HAS BEEN DISABLED ####
[16:34:26] [Server thread/INFO]: 
[16:34:26] [Server thread/INFO]: [m
[16:34:26] [Server thread/INFO]: [NerfPhantoms] Disabling NerfPhantoms v1.2.0
[16:34:26] [Server thread/INFO]: [ClearLag] Disabling ClearLag v3.1.6
[16:34:26] [Server thread/INFO]: [ClearLag] Clearlag is now disabled!
[16:34:26] [Server thread/INFO]: [PlaceholderAPI] Disabling PlaceholderAPI v2.10.9
[16:34:26] [Server thread/INFO]: [OpeNLogin] Disabling OpeNLogin v1.1
[16:34:26] [Server thread/INFO]: [WorldEdit] Disabling WorldEdit v7.1.0;8e55131
[16:34:26] [Server thread/INFO]: Unregistering com.sk89q.worldedit.bukkit.BukkitServerInterface from WorldEdit
[16:34:26] [Server thread/INFO]: [SkinsRestorer] Disabling SkinsRestorer v13.8.6
[16:34:26] [Server thread/INFO]: [LuckPerms] Disabling LuckPerms v5.1.93
[16:34:26] [Server thread/INFO]: [LuckPerms] Starting shutdown process...
[16:34:26] [Server thread/INFO]: [LuckPerms] Closing storage...
[16:34:27] [Server thread/INFO]: [LuckPerms] Goodbye!
[16:34:27] [Server thread/INFO]: [PlayerHeads] Disabling PlayerHeads v5.2.12-SNAPSHOT
[16:34:27] [Server thread/INFO]: [PlayerHeads] disabled
[16:34:27] [Server thread/INFO]: Saving players
[16:34:27] [Server thread/INFO]: Saving worlds
[16:34:27] [Server thread/INFO]: Saving chunks for level 'ServerLevel[world]'/minecraft:overworld
[16:34:27] [Server thread/INFO]: ThreadedAnvilChunkStorage (world): All chunks are saved
[16:34:27] [Server thread/INFO]: Saving chunks for level 'ServerLevel[world_nether]'/minecraft:the_nether
[16:34:27] [Server thread/INFO]: ThreadedAnvilChunkStorage (DIM-1): All chunks are saved
[16:34:27] [Server thread/INFO]: Saving chunks for level 'ServerLevel[world_the_end]'/minecraft:the_end
[16:34:27] [Server thread/INFO]: ThreadedAnvilChunkStorage (DIM1): All chunks are saved
[16:34:27] [Server thread/INFO]: ThreadedAnvilChunkStorage (world): All chunks are saved
[16:34:28] [Server thread/INFO]: ThreadedAnvilChunkStorage (DIM-1): All chunks are saved
[16:34:28] [Server thread/INFO]: ThreadedAnvilChunkStorage (DIM1): All chunks are saved
